<?xml version="1.0" encoding="UTF-8"?>
<testsuite name="org.example.order" tests="4" skipped="0" failures="0" errors="0" timestamp="2024-11-11T10:29:42" hostname="indianrterssMBP.lan" time="138.586">
  <properties/>
  <testcase name="setup" classname="org.example.order" time="1.157"/>
  <testcase name="login" classname="org.example.order" time="37.58"/>
  <testcase name="addPrescription" classname="org.example.order" time="65.79"/>
  <testcase name="addOrder" classname="org.example.order" time="34.052"/>
  <system-out><![CDATA[Extracted Name: Bbbbbb
Alert Text: Are you sure, you want to publish prescription?
New address added successfully!
Source is manual
]]></system-out>
  <system-err><![CDATA[Nov 11, 2024 3:59:43 PM org.openqa.selenium.devtools.CdpVersionFinder findNearestMatch
WARNING: Unable to find CDP implementation matching 130
Nov 11, 2024 3:59:43 PM org.openqa.selenium.chromium.ChromiumDriver lambda$new$5
WARNING: Unable to find version of CDP to use for 130.0.6723.117. You may need to include a dependency on a specific version of the CDP using something similar to `org.seleniumhq.selenium:selenium-devtools-v86:4.19.1` where the version ("v86") matches the version of the chromium-based browser you're using and the version number of the artifact is the same as Selenium's.
]]></system-err>
</testsuite>
