<?xml version="1.0" encoding="UTF-8"?>
<testsuite name="ElevateNow.Automation.order" tests="4" skipped="0" failures="0" errors="0" timestamp="2024-11-13T12:11:58" hostname="indianrterssMBP.lan" time="181.868">
  <properties/>
  <testcase name="setup" classname="ElevateNow.Automation.order" time="1.135"/>
  <testcase name="login" classname="ElevateNow.Automation.order" time="37.332"/>
  <testcase name="addPrescription" classname="ElevateNow.Automation.order" time="32.304"/>
  <testcase name="addOrder" classname="ElevateNow.Automation.order" time="111.09"/>
  <system-out><![CDATA[Extracted Name: Test Jane Austen
New address added successfully!
Source is manual
Tablet Ayaan Test 8
Limit reached: 60
]]></system-out>
  <system-err><![CDATA[Nov 13, 2024 5:41:59 PM org.openqa.selenium.devtools.CdpVersionFinder findNearestMatch
WARNING: Unable to find CDP implementation matching 130
Nov 13, 2024 5:41:59 PM org.openqa.selenium.chromium.ChromiumDriver lambda$new$5
WARNING: Unable to find version of CDP to use for 130.0.6723.117. You may need to include a dependency on a specific version of the CDP using something similar to `org.seleniumhq.selenium:selenium-devtools-v86:4.19.1` where the version ("v86") matches the version of the chromium-based browser you're using and the version number of the artifact is the same as Selenium's.
]]></system-err>
</testsuite>
