<?xml version="1.0" encoding="UTF-8"?>
<testsuite name="ElevateNow.Automation.order" tests="5" skipped="0" failures="0" errors="0" timestamp="2024-11-21T11:17:08" hostname="indianrterssMBP.lan" time="308.006">
  <properties/>
  <testcase name="setup" classname="ElevateNow.Automation.order" time="1.153"/>
  <testcase name="login" classname="ElevateNow.Automation.order" time="36.72"/>
  <testcase name="addPrescription" classname="ElevateNow.Automation.order" time="13.692"/>
  <testcase name="addOrder" classname="ElevateNow.Automation.order" time="175.732"/>
  <testcase name="addOrderfromDashboard" classname="ElevateNow.Automation.order" time="80.701"/>
  <system-out><![CDATA[Extracted Name: Test Jane Austen
New address added successfully!
Source is manual
Tablet Ayaan Test 8
Limit reached: 60
Current Status: Pending
Order ID: Source: Manual
Order ID : 2111EL487
Updated Status: Cancelled
Source is : Source: Manual
Order ID :
Medicine Name is : Tablet Ayaan Test 8
]]></system-out>
  <system-err><![CDATA[Nov 21, 2024 4:47:09 PM org.openqa.selenium.devtools.CdpVersionFinder findNearestMatch
WARNING: Unable to find CDP implementation matching 131
Nov 21, 2024 4:47:09 PM org.openqa.selenium.chromium.ChromiumDriver lambda$new$5
WARNING: Unable to find version of CDP to use for 131.0.6778.71. You may need to include a dependency on a specific version of the CDP using something similar to `org.seleniumhq.selenium:selenium-devtools-v86:4.19.1` where the version ("v86") matches the version of the chromium-based browser you're using and the version number of the artifact is the same as Selenium's.
]]></system-err>
</testsuite>
