<?xml version="1.0" encoding="UTF-8"?>
<testsuite name="ElevateNow.Automation.order" tests="5" skipped="0" failures="0" errors="0" timestamp="2024-11-21T06:53:30" hostname="indianrterssMBP.lan" time="246.369">
  <properties/>
  <testcase name="setup" classname="ElevateNow.Automation.order" time="1.146"/>
  <testcase name="login" classname="ElevateNow.Automation.order" time="38.409"/>
  <testcase name="addPrescription" classname="ElevateNow.Automation.order" time="14.727"/>
  <testcase name="addOrder" classname="ElevateNow.Automation.order" time="121.464"/>
  <testcase name="addOrderfromDashboard" classname="ElevateNow.Automation.order" time="70.615"/>
  <system-out><![CDATA[Extracted Name: Test Jane Austen
New address added successfully!
Source is manual
Tablet Ayaan Test 8
Limit reached: 60
Source is : Source: Manual
Order ID :
Medicine Name is : Tablet Ayaan Test 8
]]></system-out>
  <system-err><![CDATA[Nov 21, 2024 12:23:31 PM org.openqa.selenium.devtools.CdpVersionFinder findNearestMatch
WARNING: Unable to find CDP implementation matching 130
Nov 21, 2024 12:23:31 PM org.openqa.selenium.chromium.ChromiumDriver lambda$new$5
WARNING: Unable to find version of CDP to use for 130.0.6723.117. You may need to include a dependency on a specific version of the CDP using something similar to `org.seleniumhq.selenium:selenium-devtools-v86:4.19.1` where the version ("v86") matches the version of the chromium-based browser you're using and the version number of the artifact is the same as Selenium's.
]]></system-err>
</testsuite>
